<?xml version="1.0" encoding="UTF-8"?>
<!-- Generated by org.testng.reporters.JUnitXMLReporter -->
<testsuite hostname="DESKTOP-DMDE68C" ignored="1" name="Hub Spot Functional Regression Test- Chrome browser" tests="3" failures="0" timestamp="15 Apr 2020 10:08:34 GMT" time="35.122" errors="0">
  <testcase name="verifyLoginPageTitleTest" time="8.264" classname="com.qa.hubspot.tests.LoginPageTest"/>
  <testcase name="verifySignUpLinkTest" time="0.932" classname="com.qa.hubspot.tests.LoginPageTest"/>
  <testcase name="loginTest" time="11.173" classname="com.qa.hubspot.tests.LoginPageTest"/>
  <testcase name="login_InvalidTestCases" time="0.0" classname="com.qa.hubspot.tests.LoginPageTest">
    <ignored/>
  </testcase> <!-- login_InvalidTestCases -->
</testsuite> <!-- Hub Spot Functional Regression Test- Chrome browser -->
