<?xml version="1.0" encoding="UTF-8"?>
<!-- Generated by org.testng.reporters.JUnitXMLReporter -->
<testsuite hostname="DESKTOP-DMDE68C" ignored="1" name="Hub Spot Functional Regression Test- FF" tests="3" failures="0" timestamp="20 Apr 2020 13:49:32 GMT" time="34.575" errors="0">
  <testcase name="verifyLoginPageTitleTest" time="6.223" classname="com.qa.hubspot.tests.LoginPageTest"/>
  <testcase name="verifySignUpLinkTest" time="0.852" classname="com.qa.hubspot.tests.LoginPageTest"/>
  <testcase name="loginTest" time="11.705" classname="com.qa.hubspot.tests.LoginPageTest"/>
  <testcase name="login_InvalidTestCases" time="0.0" classname="com.qa.hubspot.tests.LoginPageTest">
    <ignored/>
  </testcase> <!-- login_InvalidTestCases -->
</testsuite> <!-- Hub Spot Functional Regression Test- FF -->
