<?xml version="1.0" encoding="UTF-8"?>
<testsuite xmlns:xsi="http://www.w3.org/2001/XMLSchema-instance" xsi:noNamespaceSchemaLocation="https://maven.apache.org/surefire/maven-surefire-plugin/xsd/surefire-test-report.xsd" name="TestSuite" time="0.762" tests="17" errors="0" skipped="9" failures="8">
  <properties>
[...]
</properties>
  <testcase name="setUp" classname="com.qa.hubspot.tests.LoginPageTest" time="0.432">
    <failure message="&#10;Parameter &apos;browser&apos; is required by BeforeTest on method setUp but has not been marked @Optional or defined&#10;" type="org.testng.TestNGException">org.testng.TestNGException: 

Parameter 'browser' is required by BeforeTest on method setUp but has not been marked @Optional or defined

</failure>
  </testcase>
  <testcase name="setUp" classname="com.qa.hubspot.tests.ContactsPageTest" time="0">
    <skipped/>
  </testcase>
  <testcase name="verifyContactsPageTitle" classname="com.qa.hubspot.tests.ContactsPageTest" time="0">
    <skipped message="&#10;Parameter &apos;browser&apos; is required by BeforeTest on method setUp but has not been marked @Optional or defined&#10;"/>
  </testcase>
  <testcase name="tearDown" classname="com.qa.hubspot.tests.ContactsPageTest" time="0">
    <skipped/>
  </testcase>
  <testcase name="setUp" classname="com.qa.hubspot.tests.HomePageTest" time="0.468">
    <failure type="java.lang.NullPointerException">java.lang.NullPointerException
	at com.qa.hubspot.tests.HomePageTest.setUp(HomePageTest.java:35)
</failure>
    <system-out><![CDATA[some issue with config properties....Please correct your config...
]]></system-out>
  </testcase>
  <testcase name="setUp" classname="com.qa.hubspot.tests.HomePageTest" time="0.734">
    <failure type="java.lang.NullPointerException">java.lang.NullPointerException
	at com.qa.hubspot.tests.HomePageTest.setUp(HomePageTest.java:35)
</failure>
    <system-out><![CDATA[some issue with config properties....Please correct your config...
]]></system-out>
  </testcase>
  <testcase name="setUp" classname="com.qa.hubspot.tests.HomePageTest" time="0.738">
    <failure type="java.lang.NullPointerException">java.lang.NullPointerException
	at com.qa.hubspot.tests.HomePageTest.setUp(HomePageTest.java:35)
</failure>
    <system-out><![CDATA[some issue with config properties....Please correct your config...
]]></system-out>
  </testcase>
  <testcase name="verifyHomePageTitleTest" classname="com.qa.hubspot.tests.HomePageTest" time="0">
    <skipped/>
  </testcase>
  <testcase name="tearDown" classname="com.qa.hubspot.tests.HomePageTest" time="0.469">
    <failure type="java.lang.NullPointerException">java.lang.NullPointerException
	at com.qa.hubspot.tests.HomePageTest.tearDown(HomePageTest.java:68)
</failure>
  </testcase>
  <testcase name="tearDown" classname="com.qa.hubspot.tests.HomePageTest" time="0.734">
    <failure type="java.lang.NullPointerException">java.lang.NullPointerException
	at com.qa.hubspot.tests.HomePageTest.tearDown(HomePageTest.java:68)
</failure>
  </testcase>
  <testcase name="tearDown" classname="com.qa.hubspot.tests.HomePageTest" time="0.738">
    <failure type="java.lang.NullPointerException">java.lang.NullPointerException
	at com.qa.hubspot.tests.HomePageTest.tearDown(HomePageTest.java:68)
</failure>
  </testcase>
  <testcase name="verifyLoginPageTitleTest" classname="com.qa.hubspot.tests.LoginPageTest" time="0">
    <skipped message="&#10;Parameter &apos;browser&apos; is required by BeforeTest on method setUp but has not been marked @Optional or defined&#10;"/>
  </testcase>
  <testcase name="createContactsTest" classname="com.qa.hubspot.tests.ContactsPageTest" time="0">
    <skipped message="java.lang.NoClassDefFoundError: org/openxmlformats/schemas/spreadsheetml/x2006/main/CTSheet"/>
    <system-err><![CDATA[[Utils] [ERROR] [Error] java.lang.NoClassDefFoundError: org/openxmlformats/schemas/spreadsheetml/x2006/main/CTSheet
	at org.apache.poi.ss.usermodel.WorkbookFactory.create(WorkbookFactory.java:73)
	at com.qa.hubspot.util.ExcelUtil.getTestData(ExcelUtil.java:24)
	at com.qa.hubspot.tests.ContactsPageTest.getContactsTestData(ContactsPageTest.java:53)
	at sun.reflect.NativeMethodAccessorImpl.invoke0(Native Method)
	at sun.reflect.NativeMethodAccessorImpl.invoke(NativeMethodAccessorImpl.java:62)
	at sun.reflect.DelegatingMethodAccessorImpl.invoke(DelegatingMethodAccessorImpl.java:43)
	at java.lang.reflect.Method.invoke(Method.java:498)
	at org.testng.internal.MethodInvocationHelper.invokeMethod(MethodInvocationHelper.java:124)
	at org.testng.internal.MethodInvocationHelper.invokeMethod(MethodInvocationHelper.java:74)
	at org.testng.internal.MethodInvocationHelper.invokeMethodNoCheckedException(MethodInvocationHelper.java:45)
	at org.testng.internal.MethodInvocationHelper.invokeDataProvider(MethodInvocationHelper.java:131)
	at org.testng.internal.Parameters.handleParameters(Parameters.java:706)
	at org.testng.internal.ParameterHandler.handleParameters(ParameterHandler.java:49)
	at org.testng.internal.ParameterHandler.createParameters(ParameterHandler.java:37)
	at org.testng.internal.Invoker.invokeTestMethods(Invoker.java:924)
	at org.testng.internal.TestMethodWorker.invokeTestMethods(TestMethodWorker.java:125)
	at org.testng.internal.TestMethodWorker.run(TestMethodWorker.java:109)
	at org.testng.TestRunner.privateRun(TestRunner.java:648)
	at org.testng.TestRunner.run(TestRunner.java:505)
	at org.testng.SuiteRunner.runTest(SuiteRunner.java:455)
	at org.testng.SuiteRunner.runSequentially(SuiteRunner.java:450)
	at org.testng.SuiteRunner.privateRun(SuiteRunner.java:415)
	at org.testng.SuiteRunner.run(SuiteRunner.java:364)
	at org.testng.SuiteRunnerWorker.runSuite(SuiteRunnerWorker.java:52)
	at org.testng.SuiteRunnerWorker.run(SuiteRunnerWorker.java:84)
	at org.testng.TestNG.runSuitesSequentially(TestNG.java:1208)
	at org.testng.TestNG.runSuitesLocally(TestNG.java:1137)
	at org.testng.TestNG.runSuites(TestNG.java:1049)
	at org.testng.TestNG.run(TestNG.java:1017)
	at org.apache.maven.surefire.testng.TestNGExecutor.run(TestNGExecutor.java:135)
	at org.apache.maven.surefire.testng.TestNGDirectoryTestSuite.executeMulti(TestNGDirectoryTestSuite.java:193)
	at org.apache.maven.surefire.testng.TestNGDirectoryTestSuite.execute(TestNGDirectoryTestSuite.java:94)
	at org.apache.maven.surefire.testng.TestNGProvider.invoke(TestNGProvider.java:146)
	at org.apache.maven.surefire.booter.ForkedBooter.invokeProviderInSameClassLoader(ForkedBooter.java:386)
	at org.apache.maven.surefire.booter.ForkedBooter.runSuitesInProcess(ForkedBooter.java:323)
	at org.apache.maven.surefire.booter.ForkedBooter.main(ForkedBooter.java:143)
Caused by: java.lang.ClassNotFoundException: org.openxmlformats.schemas.spreadsheetml.x2006.main.CTSheet
	at java.net.URLClassLoader.findClass(URLClassLoader.java:382)
	at java.lang.ClassLoader.loadClass(ClassLoader.java:424)
	at sun.misc.Launcher$AppClassLoader.loadClass(Launcher.java:349)
	at java.lang.ClassLoader.loadClass(ClassLoader.java:357)
	... 36 more

]]></system-err>
  </testcase>
  <testcase name="verifyHomePageHeaderTest" classname="com.qa.hubspot.tests.HomePageTest" time="0">
    <skipped/>
  </testcase>
  <testcase name="verifySignUpLinkTest" classname="com.qa.hubspot.tests.LoginPageTest" time="0">
    <skipped message="&#10;Parameter &apos;browser&apos; is required by BeforeTest on method setUp but has not been marked @Optional or defined&#10;"/>
  </testcase>
  <testcase name="verifyLoggedInUserTest" classname="com.qa.hubspot.tests.HomePageTest" time="0">
    <skipped/>
  </testcase>
  <testcase name="tearDown" classname="com.qa.hubspot.tests.LoginPageTest" time="0.738">
    <failure type="java.lang.NullPointerException">java.lang.NullPointerException
	at com.qa.hubspot.tests.LoginPageTest.tearDown(LoginPageTest.java:102)
</failure>
  </testcase>
</testsuite>