<?xml version="1.0" encoding="UTF-8"?>
<testng-results skipped="0" failed="0" ignored="1" total="4" passed="3">
  <reporter-output>
  </reporter-output>
  <suite name="Hub Spot Regression Suite" duration-ms="34575" started-at="2020-04-20T13:48:57Z" finished-at="2020-04-20T13:49:32Z">
    <groups>
    </groups>
    <test name="Hub Spot Functional Regression Test- FF" duration-ms="34575" started-at="2020-04-20T13:48:57Z" finished-at="2020-04-20T13:49:32Z">
      <class name="com.qa.hubspot.tests.LoginPageTest">
        <test-method status="PASS" signature="setUp(java.lang.String)[pri:0, instance:com.qa.hubspot.tests.LoginPageTest@1da6ee17]" name="setUp" is-config="true" duration-ms="14331" started-at="2020-04-20T13:48:58Z" finished-at="2020-04-20T13:49:12Z">
          <params>
            <param index="0">
              <value>
                <![CDATA[chrome]]>
              </value>
            </param>
          </params>
          <reporter-output>
          </reporter-output>
        </test-method> <!-- setUp -->
        <test-method status="PASS" signature="verifyLoginPageTitleTest()[pri:1, instance:com.qa.hubspot.tests.LoginPageTest@1da6ee17]" name="verifyLoginPageTitleTest" duration-ms="6223" started-at="2020-04-20T13:49:12Z" description="verify login page title test.....!!!" finished-at="2020-04-20T13:49:18Z">
          <reporter-output>
          </reporter-output>
        </test-method> <!-- verifyLoginPageTitleTest -->
        <test-method status="PASS" signature="verifySignUpLinkTest()[pri:2, instance:com.qa.hubspot.tests.LoginPageTest@1da6ee17]" name="verifySignUpLinkTest" duration-ms="852" started-at="2020-04-20T13:49:18Z" finished-at="2020-04-20T13:49:19Z">
          <reporter-output>
          </reporter-output>
        </test-method> <!-- verifySignUpLinkTest -->
        <test-method status="PASS" signature="loginTest()[pri:3, instance:com.qa.hubspot.tests.LoginPageTest@1da6ee17]" name="loginTest" duration-ms="11705" started-at="2020-04-20T13:49:19Z" finished-at="2020-04-20T13:49:31Z">
          <reporter-output>
          </reporter-output>
        </test-method> <!-- loginTest -->
        <test-method status="PASS" signature="tearDown()[pri:0, instance:com.qa.hubspot.tests.LoginPageTest@1da6ee17]" name="tearDown" is-config="true" duration-ms="828" started-at="2020-04-20T13:49:31Z" finished-at="2020-04-20T13:49:32Z">
          <reporter-output>
          </reporter-output>
        </test-method> <!-- tearDown -->
      </class> <!-- com.qa.hubspot.tests.LoginPageTest -->
    </test> <!-- Hub Spot Functional Regression Test- FF -->
  </suite> <!-- Hub Spot Regression Suite -->
</testng-results>
